
Currently Loaded Modules:
  1) shared   2) slurm/RT_SLURM/19.05.7   3) gcc/5.5.0

 

2
------------------------------ Mat_vect ----------------------------------------------
/cm/local/apps/slurm/var/spool/job2421583/slurm_script: line 20: 30287 Segmentation fault      ./matvec 16777216 final_3.2.1.csv
-
------------------------------ Dot_PROD ----------------------------------------------
Performed a 16777216 x 16777216 Dot product in 0.028642 seconds
Number of floating point operations = 2 * 16777216^3 = -9223372036854775808
Flops = -3.220255e+20
matC[8] = 2758.4675294
------------------------------ Mat_vect ----------------------------------------------
/cm/local/apps/slurm/var/spool/job2421583/slurm_script: line 20: 30292 Segmentation fault      ./matvec 16777216 final_3.2.1.csv
-
------------------------------ Dot_PROD ----------------------------------------------
Performed a 16777216 x 16777216 Dot product in 0.014989 seconds
Number of floating point operations = 2 * 16777216^3 = -9223372036854775808
Flops = -6.153228e+20
matC[8] = 2758.4675298
------------------------------ Mat_vect ----------------------------------------------
/cm/local/apps/slurm/var/spool/job2421583/slurm_script: line 20: 30300 Segmentation fault      ./matvec 16777216 final_3.2.1.csv
-
------------------------------ Dot_PROD ----------------------------------------------
Performed a 16777216 x 16777216 Dot product in 0.008607 seconds
Number of floating point operations = 2 * 16777216^3 = -9223372036854775808
Flops = -1.071610e+21
matC[8] = 2758.46752916
------------------------------ Mat_vect ----------------------------------------------
/cm/local/apps/slurm/var/spool/job2421583/slurm_script: line 20: 30317 Segmentation fault      ./matvec 16777216 final_3.2.1.csv
-
------------------------------ Dot_PROD ----------------------------------------------
Performed a 16777216 x 16777216 Dot product in 0.004935 seconds
Number of floating point operations = 2 * 16777216^3 = -9223372036854775808
Flops = -1.869043e+21
matC[8] = 2758.46752932
------------------------------ Mat_vect ----------------------------------------------
/cm/local/apps/slurm/var/spool/job2421583/slurm_script: line 20: 30349 Segmentation fault      ./matvec 16777216 final_3.2.1.csv
-
------------------------------ Dot_PROD ----------------------------------------------
Performed a 16777216 x 16777216 Dot product in 0.003619 seconds
Number of floating point operations = 2 * 16777216^3 = -9223372036854775808
Flops = -2.548528e+21
matC[8] = 2758.46752940
------------------------------ Mat_vect ----------------------------------------------
/cm/local/apps/slurm/var/spool/job2421583/slurm_script: line 20: 30414 Segmentation fault      ./matvec 16777216 final_3.2.1.csv
-
------------------------------ Dot_PROD ----------------------------------------------
Performed a 16777216 x 16777216 Dot product in 0.003862 seconds
Number of floating point operations = 2 * 16777216^3 = -9223372036854775808
Flops = -2.388085e+21
matC[8] = 2758.467529